mode: set
0212511_SD/api/v1/error.go:14.58,31.16 5 0
0212511_SD/api/v1/error.go:31.16,33.3 1 0
0212511_SD/api/v1/error.go:35.2,35.12 1 0
0212511_SD/api/v1/error.go:38.45,40.2 1 0
0212511_SD/api/v1/log.pb.go:31.34,33.29 2 0
0212511_SD/api/v1/log.pb.go:33.29,37.3 3 0
0212511_SD/api/v1/log.pb.go:40.42,42.2 1 0
0212511_SD/api/v1/log.pb.go:44.40,44.41 0 0
0212511_SD/api/v1/log.pb.go:46.62,48.41 2 0
0212511_SD/api/v1/log.pb.go:48.41,50.34 2 0
0212511_SD/api/v1/log.pb.go:50.34,52.4 1 0
0212511_SD/api/v1/log.pb.go:53.3,53.12 1 0
0212511_SD/api/v1/log.pb.go:55.2,55.24 1 0
0212511_SD/api/v1/log.pb.go:59.53,61.2 1 0
0212511_SD/api/v1/log.pb.go:63.46,64.14 1 0
0212511_SD/api/v1/log.pb.go:64.14,66.3 1 0
0212511_SD/api/v1/log.pb.go:67.2,67.12 1 0
0212511_SD/api/v1/log.pb.go:78.35,80.29 2 0
0212511_SD/api/v1/log.pb.go:80.29,84.3 3 0
0212511_SD/api/v1/log.pb.go:87.43,89.2 1 0
0212511_SD/api/v1/log.pb.go:91.41,91.42 0 0
0212511_SD/api/v1/log.pb.go:93.63,95.41 2 0
0212511_SD/api/v1/log.pb.go:95.41,97.34 2 0
0212511_SD/api/v1/log.pb.go:97.34,99.4 1 0
0212511_SD/api/v1/log.pb.go:100.3,100.12 1 0
0212511_SD/api/v1/log.pb.go:102.2,102.24 1 0
0212511_SD/api/v1/log.pb.go:106.54,108.2 1 0
0212511_SD/api/v1/log.pb.go:110.46,111.14 1 0
0212511_SD/api/v1/log.pb.go:111.14,113.3 1 0
0212511_SD/api/v1/log.pb.go:114.2,114.10 1 0
0212511_SD/api/v1/log.pb.go:125.34,127.29 2 0
0212511_SD/api/v1/log.pb.go:127.29,131.3 3 0
0212511_SD/api/v1/log.pb.go:134.42,136.2 1 0
0212511_SD/api/v1/log.pb.go:138.40,138.41 0 0
0212511_SD/api/v1/log.pb.go:140.62,142.41 2 0
0212511_SD/api/v1/log.pb.go:142.41,144.34 2 0
0212511_SD/api/v1/log.pb.go:144.34,146.4 1 0
0212511_SD/api/v1/log.pb.go:147.3,147.12 1 0
0212511_SD/api/v1/log.pb.go:149.2,149.24 1 0
0212511_SD/api/v1/log.pb.go:153.53,155.2 1 0
0212511_SD/api/v1/log.pb.go:157.45,158.14 1 0
0212511_SD/api/v1/log.pb.go:158.14,160.3 1 0
0212511_SD/api/v1/log.pb.go:161.2,161.10 1 0
0212511_SD/api/v1/log.pb.go:172.35,174.29 2 0
0212511_SD/api/v1/log.pb.go:174.29,178.3 3 0
0212511_SD/api/v1/log.pb.go:181.43,183.2 1 0
0212511_SD/api/v1/log.pb.go:185.41,185.42 0 0
0212511_SD/api/v1/log.pb.go:187.63,189.41 2 0
0212511_SD/api/v1/log.pb.go:189.41,191.34 2 0
0212511_SD/api/v1/log.pb.go:191.34,193.4 1 0
0212511_SD/api/v1/log.pb.go:194.3,194.12 1 0
0212511_SD/api/v1/log.pb.go:196.2,196.24 1 0
0212511_SD/api/v1/log.pb.go:200.54,202.2 1 0
0212511_SD/api/v1/log.pb.go:204.47,205.14 1 0
0212511_SD/api/v1/log.pb.go:205.14,207.3 1 0
0212511_SD/api/v1/log.pb.go:208.2,208.12 1 0
0212511_SD/api/v1/log.pb.go:220.26,222.29 2 0
0212511_SD/api/v1/log.pb.go:222.29,226.3 3 0
0212511_SD/api/v1/log.pb.go:229.34,231.2 1 0
0212511_SD/api/v1/log.pb.go:233.32,233.33 0 0
0212511_SD/api/v1/log.pb.go:235.54,237.41 2 0
0212511_SD/api/v1/log.pb.go:237.41,239.34 2 0
0212511_SD/api/v1/log.pb.go:239.34,241.4 1 0
0212511_SD/api/v1/log.pb.go:242.3,242.12 1 0
0212511_SD/api/v1/log.pb.go:244.2,244.24 1 0
0212511_SD/api/v1/log.pb.go:248.45,250.2 1 0
0212511_SD/api/v1/log.pb.go:252.36,253.14 1 0
0212511_SD/api/v1/log.pb.go:253.14,255.3 1 0
0212511_SD/api/v1/log.pb.go:256.2,256.12 1 0
0212511_SD/api/v1/log.pb.go:259.37,260.14 1 0
0212511_SD/api/v1/log.pb.go:260.14,262.3 1 0
0212511_SD/api/v1/log.pb.go:263.2,263.10 1 0
0212511_SD/api/v1/log.pb.go:316.49,317.46 1 0
0212511_SD/api/v1/log.pb.go:317.46,319.3 1 0
0212511_SD/api/v1/log.pb.go:320.2,320.42 1 0
0212511_SD/api/v1/log.pb.go:349.13,349.45 1 0
0212511_SD/api/v1/log.pb.go:350.35,351.34 1 0
0212511_SD/api/v1/log.pb.go:351.34,353.3 1 0
0212511_SD/api/v1/log.pb.go:354.2,354.30 1 0
0212511_SD/api/v1/log.pb.go:354.30,355.71 1 0
0212511_SD/api/v1/log.pb.go:355.71,356.39 1 0
0212511_SD/api/v1/log.pb.go:357.11,358.20 1 0
0212511_SD/api/v1/log.pb.go:359.11,360.24 1 0
0212511_SD/api/v1/log.pb.go:361.11,362.28 1 0
0212511_SD/api/v1/log.pb.go:363.12,364.15 1 0
0212511_SD/api/v1/log.pb.go:367.3,367.71 1 0
0212511_SD/api/v1/log.pb.go:367.71,368.40 1 0
0212511_SD/api/v1/log.pb.go:369.11,370.20 1 0
0212511_SD/api/v1/log.pb.go:371.11,372.24 1 0
0212511_SD/api/v1/log.pb.go:373.11,374.28 1 0
0212511_SD/api/v1/log.pb.go:375.12,376.15 1 0
0212511_SD/api/v1/log.pb.go:379.3,379.71 1 0
0212511_SD/api/v1/log.pb.go:379.71,380.39 1 0
0212511_SD/api/v1/log.pb.go:381.11,382.20 1 0
0212511_SD/api/v1/log.pb.go:383.11,384.24 1 0
0212511_SD/api/v1/log.pb.go:385.11,386.28 1 0
0212511_SD/api/v1/log.pb.go:387.12,388.15 1 0
0212511_SD/api/v1/log.pb.go:391.3,391.71 1 0
0212511_SD/api/v1/log.pb.go:391.71,392.40 1 0
0212511_SD/api/v1/log.pb.go:393.11,394.20 1 0
0212511_SD/api/v1/log.pb.go:395.11,396.24 1 0
0212511_SD/api/v1/log.pb.go:397.11,398.28 1 0
0212511_SD/api/v1/log.pb.go:399.12,400.15 1 0
0212511_SD/api/v1/log.pb.go:403.3,403.71 1 0
0212511_SD/api/v1/log.pb.go:403.71,404.31 1 0
0212511_SD/api/v1/log.pb.go:405.11,406.20 1 0
0212511_SD/api/v1/log.pb.go:407.11,408.24 1 0
0212511_SD/api/v1/log.pb.go:409.11,410.28 1 0
0212511_SD/api/v1/log.pb.go:411.12,412.15 1 0
0212511_SD/api/v1/log.pb.go:416.2,433.37 6 0
0212511_SD/api/v1/log_grpc.pb.go:42.58,44.2 1 0
0212511_SD/api/v1/log_grpc.pb.go:46.121,50.16 4 0
0212511_SD/api/v1/log_grpc.pb.go:50.16,52.3 1 0
0212511_SD/api/v1/log_grpc.pb.go:53.2,53.17 1 0
0212511_SD/api/v1/log_grpc.pb.go:56.121,60.16 4 0
0212511_SD/api/v1/log_grpc.pb.go:60.16,62.3 1 0
0212511_SD/api/v1/log_grpc.pb.go:63.2,63.17 1 0
0212511_SD/api/v1/log_grpc.pb.go:66.154,69.16 3 0
0212511_SD/api/v1/log_grpc.pb.go:69.16,71.3 1 0
0212511_SD/api/v1/log_grpc.pb.go:72.2,73.51 2 0
0212511_SD/api/v1/log_grpc.pb.go:73.51,75.3 1 0
0212511_SD/api/v1/log_grpc.pb.go:76.2,76.51 1 0
0212511_SD/api/v1/log_grpc.pb.go:76.51,78.3 1 0
0212511_SD/api/v1/log_grpc.pb.go:79.2,79.15 1 0
0212511_SD/api/v1/log_grpc.pb.go:85.148,88.16 3 0
0212511_SD/api/v1/log_grpc.pb.go:88.16,90.3 1 0
0212511_SD/api/v1/log_grpc.pb.go:91.2,92.15 2 0
0212511_SD/api/v1/log_grpc.pb.go:116.99,118.2 1 0
0212511_SD/api/v1/log_grpc.pb.go:119.99,121.2 1 0
0212511_SD/api/v1/log_grpc.pb.go:122.113,124.2 1 0
0212511_SD/api/v1/log_grpc.pb.go:125.110,127.2 1 0
0212511_SD/api/v1/log_grpc.pb.go:128.66,128.67 0 0
0212511_SD/api/v1/log_grpc.pb.go:129.66,129.67 0 0
0212511_SD/api/v1/log_grpc.pb.go:138.64,143.59 1 0
0212511_SD/api/v1/log_grpc.pb.go:143.59,145.3 1 0
0212511_SD/api/v1/log_grpc.pb.go:146.2,146.42 1 0
0212511_SD/api/v1/log_grpc.pb.go:149.156,151.32 2 0
0212511_SD/api/v1/log_grpc.pb.go:151.32,153.3 1 0
0212511_SD/api/v1/log_grpc.pb.go:154.2,154.24 1 0
0212511_SD/api/v1/log_grpc.pb.go:154.24,156.3 1 0
0212511_SD/api/v1/log_grpc.pb.go:157.2,161.77 2 0
0212511_SD/api/v1/log_grpc.pb.go:161.77,163.3 1 0
0212511_SD/api/v1/log_grpc.pb.go:164.2,164.44 1 0
0212511_SD/api/v1/log_grpc.pb.go:167.156,169.32 2 0
0212511_SD/api/v1/log_grpc.pb.go:169.32,171.3 1 0
0212511_SD/api/v1/log_grpc.pb.go:172.2,172.24 1 0
0212511_SD/api/v1/log_grpc.pb.go:172.24,174.3 1 0
0212511_SD/api/v1/log_grpc.pb.go:175.2,179.77 2 0
0212511_SD/api/v1/log_grpc.pb.go:179.77,181.3 1 0
0212511_SD/api/v1/log_grpc.pb.go:182.2,182.44 1 0
0212511_SD/api/v1/log_grpc.pb.go:185.82,187.42 2 0
0212511_SD/api/v1/log_grpc.pb.go:187.42,189.3 1 0
0212511_SD/api/v1/log_grpc.pb.go:190.2,190.123 1 0
0212511_SD/api/v1/log_grpc.pb.go:196.82,198.2 1 0
0212511_SD/api/v1/error.go:14.58,31.16 5 1
0212511_SD/api/v1/error.go:31.16,33.3 1 0
0212511_SD/api/v1/error.go:35.2,35.12 1 1
0212511_SD/api/v1/error.go:38.45,40.2 1 0
0212511_SD/api/v1/log.pb.go:31.34,33.29 2 1
0212511_SD/api/v1/log.pb.go:33.29,37.3 3 1
0212511_SD/api/v1/log.pb.go:40.42,42.2 1 0
0212511_SD/api/v1/log.pb.go:44.40,44.41 0 0
0212511_SD/api/v1/log.pb.go:46.62,48.41 2 1
0212511_SD/api/v1/log.pb.go:48.41,50.34 2 1
0212511_SD/api/v1/log.pb.go:50.34,52.4 1 1
0212511_SD/api/v1/log.pb.go:53.3,53.12 1 1
0212511_SD/api/v1/log.pb.go:55.2,55.24 1 0
0212511_SD/api/v1/log.pb.go:59.53,61.2 1 0
0212511_SD/api/v1/log.pb.go:63.46,64.14 1 0
0212511_SD/api/v1/log.pb.go:64.14,66.3 1 0
0212511_SD/api/v1/log.pb.go:67.2,67.12 1 0
0212511_SD/api/v1/log.pb.go:78.35,80.29 2 1
0212511_SD/api/v1/log.pb.go:80.29,84.3 3 1
0212511_SD/api/v1/log.pb.go:87.43,89.2 1 0
0212511_SD/api/v1/log.pb.go:91.41,91.42 0 0
0212511_SD/api/v1/log.pb.go:93.63,95.41 2 1
0212511_SD/api/v1/log.pb.go:95.41,97.34 2 1
0212511_SD/api/v1/log.pb.go:97.34,99.4 1 1
0212511_SD/api/v1/log.pb.go:100.3,100.12 1 1
0212511_SD/api/v1/log.pb.go:102.2,102.24 1 0
0212511_SD/api/v1/log.pb.go:106.54,108.2 1 0
0212511_SD/api/v1/log.pb.go:110.46,111.14 1 0
0212511_SD/api/v1/log.pb.go:111.14,113.3 1 0
0212511_SD/api/v1/log.pb.go:114.2,114.10 1 0
0212511_SD/api/v1/log.pb.go:125.34,127.29 2 1
0212511_SD/api/v1/log.pb.go:127.29,131.3 3 1
0212511_SD/api/v1/log.pb.go:134.42,136.2 1 0
0212511_SD/api/v1/log.pb.go:138.40,138.41 0 0
0212511_SD/api/v1/log.pb.go:140.62,142.41 2 1
0212511_SD/api/v1/log.pb.go:142.41,144.34 2 1
0212511_SD/api/v1/log.pb.go:144.34,146.4 1 1
0212511_SD/api/v1/log.pb.go:147.3,147.12 1 1
0212511_SD/api/v1/log.pb.go:149.2,149.24 1 0
0212511_SD/api/v1/log.pb.go:153.53,155.2 1 0
0212511_SD/api/v1/log.pb.go:157.45,158.14 1 0
0212511_SD/api/v1/log.pb.go:158.14,160.3 1 0
0212511_SD/api/v1/log.pb.go:161.2,161.10 1 0
0212511_SD/api/v1/log.pb.go:172.35,174.29 2 1
0212511_SD/api/v1/log.pb.go:174.29,178.3 3 1
0212511_SD/api/v1/log.pb.go:181.43,183.2 1 0
0212511_SD/api/v1/log.pb.go:185.41,185.42 0 0
0212511_SD/api/v1/log.pb.go:187.63,189.41 2 1
0212511_SD/api/v1/log.pb.go:189.41,191.34 2 1
0212511_SD/api/v1/log.pb.go:191.34,193.4 1 1
0212511_SD/api/v1/log.pb.go:194.3,194.12 1 1
0212511_SD/api/v1/log.pb.go:196.2,196.24 1 0
0212511_SD/api/v1/log.pb.go:200.54,202.2 1 0
0212511_SD/api/v1/log.pb.go:204.47,205.14 1 0
0212511_SD/api/v1/log.pb.go:205.14,207.3 1 0
0212511_SD/api/v1/log.pb.go:208.2,208.12 1 0
0212511_SD/api/v1/log.pb.go:220.26,222.29 2 1
0212511_SD/api/v1/log.pb.go:222.29,226.3 3 1
0212511_SD/api/v1/log.pb.go:229.34,231.2 1 0
0212511_SD/api/v1/log.pb.go:233.32,233.33 0 0
0212511_SD/api/v1/log.pb.go:235.54,237.41 2 1
0212511_SD/api/v1/log.pb.go:237.41,239.34 2 1
0212511_SD/api/v1/log.pb.go:239.34,241.4 1 1
0212511_SD/api/v1/log.pb.go:242.3,242.12 1 1
0212511_SD/api/v1/log.pb.go:244.2,244.24 1 1
0212511_SD/api/v1/log.pb.go:248.45,250.2 1 0
0212511_SD/api/v1/log.pb.go:252.36,253.14 1 0
0212511_SD/api/v1/log.pb.go:253.14,255.3 1 0
0212511_SD/api/v1/log.pb.go:256.2,256.12 1 0
0212511_SD/api/v1/log.pb.go:259.37,260.14 1 0
0212511_SD/api/v1/log.pb.go:260.14,262.3 1 0
0212511_SD/api/v1/log.pb.go:263.2,263.10 1 0
0212511_SD/api/v1/log.pb.go:316.49,317.46 1 0
0212511_SD/api/v1/log.pb.go:317.46,319.3 1 0
0212511_SD/api/v1/log.pb.go:320.2,320.42 1 0
0212511_SD/api/v1/log.pb.go:349.13,349.45 1 1
0212511_SD/api/v1/log.pb.go:350.35,351.34 1 1
0212511_SD/api/v1/log.pb.go:351.34,353.3 1 0
0212511_SD/api/v1/log.pb.go:354.2,354.30 1 1
0212511_SD/api/v1/log.pb.go:354.30,355.71 1 0
0212511_SD/api/v1/log.pb.go:355.71,356.39 1 0
0212511_SD/api/v1/log.pb.go:357.11,358.20 1 0
0212511_SD/api/v1/log.pb.go:359.11,360.24 1 0
0212511_SD/api/v1/log.pb.go:361.11,362.28 1 0
0212511_SD/api/v1/log.pb.go:363.12,364.15 1 0
0212511_SD/api/v1/log.pb.go:367.3,367.71 1 0
0212511_SD/api/v1/log.pb.go:367.71,368.40 1 0
0212511_SD/api/v1/log.pb.go:369.11,370.20 1 0
0212511_SD/api/v1/log.pb.go:371.11,372.24 1 0
0212511_SD/api/v1/log.pb.go:373.11,374.28 1 0
0212511_SD/api/v1/log.pb.go:375.12,376.15 1 0
0212511_SD/api/v1/log.pb.go:379.3,379.71 1 0
0212511_SD/api/v1/log.pb.go:379.71,380.39 1 0
0212511_SD/api/v1/log.pb.go:381.11,382.20 1 0
0212511_SD/api/v1/log.pb.go:383.11,384.24 1 0
0212511_SD/api/v1/log.pb.go:385.11,386.28 1 0
0212511_SD/api/v1/log.pb.go:387.12,388.15 1 0
0212511_SD/api/v1/log.pb.go:391.3,391.71 1 0
0212511_SD/api/v1/log.pb.go:391.71,392.40 1 0
0212511_SD/api/v1/log.pb.go:393.11,394.20 1 0
0212511_SD/api/v1/log.pb.go:395.11,396.24 1 0
0212511_SD/api/v1/log.pb.go:397.11,398.28 1 0
0212511_SD/api/v1/log.pb.go:399.12,400.15 1 0
0212511_SD/api/v1/log.pb.go:403.3,403.71 1 0
0212511_SD/api/v1/log.pb.go:403.71,404.31 1 0
0212511_SD/api/v1/log.pb.go:405.11,406.20 1 0
0212511_SD/api/v1/log.pb.go:407.11,408.24 1 0
0212511_SD/api/v1/log.pb.go:409.11,410.28 1 0
0212511_SD/api/v1/log.pb.go:411.12,412.15 1 0
0212511_SD/api/v1/log.pb.go:416.2,433.37 6 1
0212511_SD/api/v1/log_grpc.pb.go:42.58,44.2 1 1
0212511_SD/api/v1/log_grpc.pb.go:46.121,50.16 4 1
0212511_SD/api/v1/log_grpc.pb.go:50.16,52.3 1 0
0212511_SD/api/v1/log_grpc.pb.go:53.2,53.17 1 1
0212511_SD/api/v1/log_grpc.pb.go:56.121,60.16 4 1
0212511_SD/api/v1/log_grpc.pb.go:60.16,62.3 1 1
0212511_SD/api/v1/log_grpc.pb.go:63.2,63.17 1 1
0212511_SD/api/v1/log_grpc.pb.go:66.154,69.16 3 1
0212511_SD/api/v1/log_grpc.pb.go:69.16,71.3 1 0
0212511_SD/api/v1/log_grpc.pb.go:72.2,73.51 2 1
0212511_SD/api/v1/log_grpc.pb.go:73.51,75.3 1 0
0212511_SD/api/v1/log_grpc.pb.go:76.2,76.51 1 1
0212511_SD/api/v1/log_grpc.pb.go:76.51,78.3 1 0
0212511_SD/api/v1/log_grpc.pb.go:79.2,79.15 1 1
0212511_SD/api/v1/log_grpc.pb.go:85.148,88.16 3 1
0212511_SD/api/v1/log_grpc.pb.go:88.16,90.3 1 0
0212511_SD/api/v1/log_grpc.pb.go:91.2,92.15 2 1
0212511_SD/api/v1/log_grpc.pb.go:116.99,118.2 1 0
0212511_SD/api/v1/log_grpc.pb.go:119.99,121.2 1 0
0212511_SD/api/v1/log_grpc.pb.go:122.113,124.2 1 0
0212511_SD/api/v1/log_grpc.pb.go:125.110,127.2 1 0
0212511_SD/api/v1/log_grpc.pb.go:128.66,128.67 0 0
0212511_SD/api/v1/log_grpc.pb.go:129.66,129.67 0 1
0212511_SD/api/v1/log_grpc.pb.go:138.64,143.59 1 1
0212511_SD/api/v1/log_grpc.pb.go:143.59,145.3 1 1
0212511_SD/api/v1/log_grpc.pb.go:146.2,146.42 1 1
0212511_SD/api/v1/log_grpc.pb.go:149.156,151.32 2 1
0212511_SD/api/v1/log_grpc.pb.go:151.32,153.3 1 0
0212511_SD/api/v1/log_grpc.pb.go:154.2,154.24 1 1
0212511_SD/api/v1/log_grpc.pb.go:154.24,156.3 1 1
0212511_SD/api/v1/log_grpc.pb.go:157.2,161.77 2 0
0212511_SD/api/v1/log_grpc.pb.go:161.77,163.3 1 0
0212511_SD/api/v1/log_grpc.pb.go:164.2,164.44 1 0
0212511_SD/api/v1/log_grpc.pb.go:167.156,169.32 2 1
0212511_SD/api/v1/log_grpc.pb.go:169.32,171.3 1 0
0212511_SD/api/v1/log_grpc.pb.go:172.2,172.24 1 1
0212511_SD/api/v1/log_grpc.pb.go:172.24,174.3 1 1
0212511_SD/api/v1/log_grpc.pb.go:175.2,179.77 2 0
0212511_SD/api/v1/log_grpc.pb.go:179.77,181.3 1 0
0212511_SD/api/v1/log_grpc.pb.go:182.2,182.44 1 0
0212511_SD/api/v1/log_grpc.pb.go:185.82,187.42 2 1
0212511_SD/api/v1/log_grpc.pb.go:187.42,189.3 1 0
0212511_SD/api/v1/log_grpc.pb.go:190.2,190.123 1 1
0212511_SD/api/v1/log_grpc.pb.go:196.82,198.2 1 1
0212511_SD/internal/server/server.go:22.65,27.2 2 1
0212511_SD/internal/server/server.go:29.51,32.16 3 0
0212511_SD/internal/server/server.go:32.16,34.3 1 0
0212511_SD/internal/server/server.go:35.2,36.18 2 0
0212511_SD/internal/server/server.go:39.106,41.16 2 1
0212511_SD/internal/server/server.go:41.16,43.3 1 0
0212511_SD/internal/server/server.go:44.2,44.50 1 1
0212511_SD/internal/server/server.go:48.31,50.16 2 1
0212511_SD/internal/server/server.go:50.16,52.3 1 1
0212511_SD/internal/server/server.go:53.2,53.49 1 1
0212511_SD/internal/server/server.go:56.78,57.6 1 1
0212511_SD/internal/server/server.go:57.6,59.17 2 1
0212511_SD/internal/server/server.go:59.17,61.4 1 1
0212511_SD/internal/server/server.go:62.3,63.17 2 1
0212511_SD/internal/server/server.go:63.17,65.4 1 0
0212511_SD/internal/server/server.go:66.3,66.41 1 1
0212511_SD/internal/server/server.go:66.41,68.4 1 0
0212511_SD/internal/server/server.go:73.44,74.6 1 1
0212511_SD/internal/server/server.go:74.6,75.10 1 1
0212511_SD/internal/server/server.go:76.34,77.14 1 1
0212511_SD/internal/server/server.go:78.11,80.22 2 1
0212511_SD/internal/server/server.go:81.13,81.13 0 1
0212511_SD/internal/server/server.go:82.33,83.13 1 1
0212511_SD/internal/server/server.go:84.12,85.15 1 0
0212511_SD/internal/server/server.go:87.4,87.42 1 1
0212511_SD/internal/server/server.go:87.42,89.5 1 0
0212511_SD/internal/server/server.go:90.4,90.16 1 1
0212511_SD/api/v1/error.go:14.58,31.16 5 0
0212511_SD/api/v1/error.go:31.16,33.3 1 0
0212511_SD/api/v1/error.go:35.2,35.12 1 0
0212511_SD/api/v1/error.go:38.45,40.2 1 0
0212511_SD/api/v1/log.pb.go:31.34,33.29 2 0
0212511_SD/api/v1/log.pb.go:33.29,37.3 3 0
0212511_SD/api/v1/log.pb.go:40.42,42.2 1 0
0212511_SD/api/v1/log.pb.go:44.40,44.41 0 0
0212511_SD/api/v1/log.pb.go:46.62,48.41 2 0
0212511_SD/api/v1/log.pb.go:48.41,50.34 2 0
0212511_SD/api/v1/log.pb.go:50.34,52.4 1 0
0212511_SD/api/v1/log.pb.go:53.3,53.12 1 0
0212511_SD/api/v1/log.pb.go:55.2,55.24 1 0
0212511_SD/api/v1/log.pb.go:59.53,61.2 1 0
0212511_SD/api/v1/log.pb.go:63.46,64.14 1 0
0212511_SD/api/v1/log.pb.go:64.14,66.3 1 0
0212511_SD/api/v1/log.pb.go:67.2,67.12 1 0
0212511_SD/api/v1/log.pb.go:78.35,80.29 2 0
0212511_SD/api/v1/log.pb.go:80.29,84.3 3 0
0212511_SD/api/v1/log.pb.go:87.43,89.2 1 0
0212511_SD/api/v1/log.pb.go:91.41,91.42 0 0
0212511_SD/api/v1/log.pb.go:93.63,95.41 2 0
0212511_SD/api/v1/log.pb.go:95.41,97.34 2 0
0212511_SD/api/v1/log.pb.go:97.34,99.4 1 0
0212511_SD/api/v1/log.pb.go:100.3,100.12 1 0
0212511_SD/api/v1/log.pb.go:102.2,102.24 1 0
0212511_SD/api/v1/log.pb.go:106.54,108.2 1 0
0212511_SD/api/v1/log.pb.go:110.46,111.14 1 0
0212511_SD/api/v1/log.pb.go:111.14,113.3 1 0
0212511_SD/api/v1/log.pb.go:114.2,114.10 1 0
0212511_SD/api/v1/log.pb.go:125.34,127.29 2 0
0212511_SD/api/v1/log.pb.go:127.29,131.3 3 0
0212511_SD/api/v1/log.pb.go:134.42,136.2 1 0
0212511_SD/api/v1/log.pb.go:138.40,138.41 0 0
0212511_SD/api/v1/log.pb.go:140.62,142.41 2 0
0212511_SD/api/v1/log.pb.go:142.41,144.34 2 0
0212511_SD/api/v1/log.pb.go:144.34,146.4 1 0
0212511_SD/api/v1/log.pb.go:147.3,147.12 1 0
0212511_SD/api/v1/log.pb.go:149.2,149.24 1 0
0212511_SD/api/v1/log.pb.go:153.53,155.2 1 0
0212511_SD/api/v1/log.pb.go:157.45,158.14 1 0
0212511_SD/api/v1/log.pb.go:158.14,160.3 1 0
0212511_SD/api/v1/log.pb.go:161.2,161.10 1 0
0212511_SD/api/v1/log.pb.go:172.35,174.29 2 0
0212511_SD/api/v1/log.pb.go:174.29,178.3 3 0
0212511_SD/api/v1/log.pb.go:181.43,183.2 1 0
0212511_SD/api/v1/log.pb.go:185.41,185.42 0 0
0212511_SD/api/v1/log.pb.go:187.63,189.41 2 0
0212511_SD/api/v1/log.pb.go:189.41,191.34 2 0
0212511_SD/api/v1/log.pb.go:191.34,193.4 1 0
0212511_SD/api/v1/log.pb.go:194.3,194.12 1 0
0212511_SD/api/v1/log.pb.go:196.2,196.24 1 0
0212511_SD/api/v1/log.pb.go:200.54,202.2 1 0
0212511_SD/api/v1/log.pb.go:204.47,205.14 1 0
0212511_SD/api/v1/log.pb.go:205.14,207.3 1 0
0212511_SD/api/v1/log.pb.go:208.2,208.12 1 0
0212511_SD/api/v1/log.pb.go:220.26,222.29 2 1
0212511_SD/api/v1/log.pb.go:222.29,226.3 3 1
0212511_SD/api/v1/log.pb.go:229.34,231.2 1 0
0212511_SD/api/v1/log.pb.go:233.32,233.33 0 0
0212511_SD/api/v1/log.pb.go:235.54,237.41 2 1
0212511_SD/api/v1/log.pb.go:237.41,239.34 2 1
0212511_SD/api/v1/log.pb.go:239.34,241.4 1 1
0212511_SD/api/v1/log.pb.go:242.3,242.12 1 1
0212511_SD/api/v1/log.pb.go:244.2,244.24 1 0
0212511_SD/api/v1/log.pb.go:248.45,250.2 1 0
0212511_SD/api/v1/log.pb.go:252.36,253.14 1 0
0212511_SD/api/v1/log.pb.go:253.14,255.3 1 0
0212511_SD/api/v1/log.pb.go:256.2,256.12 1 0
0212511_SD/api/v1/log.pb.go:259.37,260.14 1 0
0212511_SD/api/v1/log.pb.go:260.14,262.3 1 0
0212511_SD/api/v1/log.pb.go:263.2,263.10 1 0
0212511_SD/api/v1/log.pb.go:316.49,317.46 1 0
0212511_SD/api/v1/log.pb.go:317.46,319.3 1 0
0212511_SD/api/v1/log.pb.go:320.2,320.42 1 0
0212511_SD/api/v1/log.pb.go:349.13,349.45 1 1
0212511_SD/api/v1/log.pb.go:350.35,351.34 1 1
0212511_SD/api/v1/log.pb.go:351.34,353.3 1 0
0212511_SD/api/v1/log.pb.go:354.2,354.30 1 1
0212511_SD/api/v1/log.pb.go:354.30,355.71 1 0
0212511_SD/api/v1/log.pb.go:355.71,356.39 1 0
0212511_SD/api/v1/log.pb.go:357.11,358.20 1 0
0212511_SD/api/v1/log.pb.go:359.11,360.24 1 0
0212511_SD/api/v1/log.pb.go:361.11,362.28 1 0
0212511_SD/api/v1/log.pb.go:363.12,364.15 1 0
0212511_SD/api/v1/log.pb.go:367.3,367.71 1 0
0212511_SD/api/v1/log.pb.go:367.71,368.40 1 0
0212511_SD/api/v1/log.pb.go:369.11,370.20 1 0
0212511_SD/api/v1/log.pb.go:371.11,372.24 1 0
0212511_SD/api/v1/log.pb.go:373.11,374.28 1 0
0212511_SD/api/v1/log.pb.go:375.12,376.15 1 0
0212511_SD/api/v1/log.pb.go:379.3,379.71 1 0
0212511_SD/api/v1/log.pb.go:379.71,380.39 1 0
0212511_SD/api/v1/log.pb.go:381.11,382.20 1 0
0212511_SD/api/v1/log.pb.go:383.11,384.24 1 0
0212511_SD/api/v1/log.pb.go:385.11,386.28 1 0
0212511_SD/api/v1/log.pb.go:387.12,388.15 1 0
0212511_SD/api/v1/log.pb.go:391.3,391.71 1 0
0212511_SD/api/v1/log.pb.go:391.71,392.40 1 0
0212511_SD/api/v1/log.pb.go:393.11,394.20 1 0
0212511_SD/api/v1/log.pb.go:395.11,396.24 1 0
0212511_SD/api/v1/log.pb.go:397.11,398.28 1 0
0212511_SD/api/v1/log.pb.go:399.12,400.15 1 0
0212511_SD/api/v1/log.pb.go:403.3,403.71 1 0
0212511_SD/api/v1/log.pb.go:403.71,404.31 1 0
0212511_SD/api/v1/log.pb.go:405.11,406.20 1 0
0212511_SD/api/v1/log.pb.go:407.11,408.24 1 0
0212511_SD/api/v1/log.pb.go:409.11,410.28 1 0
0212511_SD/api/v1/log.pb.go:411.12,412.15 1 0
0212511_SD/api/v1/log.pb.go:416.2,433.37 6 1
0212511_SD/api/v1/log_grpc.pb.go:42.58,44.2 1 0
0212511_SD/api/v1/log_grpc.pb.go:46.121,50.16 4 0
0212511_SD/api/v1/log_grpc.pb.go:50.16,52.3 1 0
0212511_SD/api/v1/log_grpc.pb.go:53.2,53.17 1 0
0212511_SD/api/v1/log_grpc.pb.go:56.121,60.16 4 0
0212511_SD/api/v1/log_grpc.pb.go:60.16,62.3 1 0
0212511_SD/api/v1/log_grpc.pb.go:63.2,63.17 1 0
0212511_SD/api/v1/log_grpc.pb.go:66.154,69.16 3 0
0212511_SD/api/v1/log_grpc.pb.go:69.16,71.3 1 0
0212511_SD/api/v1/log_grpc.pb.go:72.2,73.51 2 0
0212511_SD/api/v1/log_grpc.pb.go:73.51,75.3 1 0
0212511_SD/api/v1/log_grpc.pb.go:76.2,76.51 1 0
0212511_SD/api/v1/log_grpc.pb.go:76.51,78.3 1 0
0212511_SD/api/v1/log_grpc.pb.go:79.2,79.15 1 0
0212511_SD/api/v1/log_grpc.pb.go:85.148,88.16 3 0
0212511_SD/api/v1/log_grpc.pb.go:88.16,90.3 1 0
0212511_SD/api/v1/log_grpc.pb.go:91.2,92.15 2 0
0212511_SD/api/v1/log_grpc.pb.go:116.99,118.2 1 0
0212511_SD/api/v1/log_grpc.pb.go:119.99,121.2 1 0
0212511_SD/api/v1/log_grpc.pb.go:122.113,124.2 1 0
0212511_SD/api/v1/log_grpc.pb.go:125.110,127.2 1 0
0212511_SD/api/v1/log_grpc.pb.go:128.66,128.67 0 0
0212511_SD/api/v1/log_grpc.pb.go:129.66,129.67 0 0
0212511_SD/api/v1/log_grpc.pb.go:138.64,143.59 1 0
0212511_SD/api/v1/log_grpc.pb.go:143.59,145.3 1 0
0212511_SD/api/v1/log_grpc.pb.go:146.2,146.42 1 0
0212511_SD/api/v1/log_grpc.pb.go:149.156,151.32 2 0
0212511_SD/api/v1/log_grpc.pb.go:151.32,153.3 1 0
0212511_SD/api/v1/log_grpc.pb.go:154.2,154.24 1 0
0212511_SD/api/v1/log_grpc.pb.go:154.24,156.3 1 0
0212511_SD/api/v1/log_grpc.pb.go:157.2,161.77 2 0
0212511_SD/api/v1/log_grpc.pb.go:161.77,163.3 1 0
0212511_SD/api/v1/log_grpc.pb.go:164.2,164.44 1 0
0212511_SD/api/v1/log_grpc.pb.go:167.156,169.32 2 0
0212511_SD/api/v1/log_grpc.pb.go:169.32,171.3 1 0
0212511_SD/api/v1/log_grpc.pb.go:172.2,172.24 1 0
0212511_SD/api/v1/log_grpc.pb.go:172.24,174.3 1 0
0212511_SD/api/v1/log_grpc.pb.go:175.2,179.77 2 0
0212511_SD/api/v1/log_grpc.pb.go:179.77,181.3 1 0
0212511_SD/api/v1/log_grpc.pb.go:182.2,182.44 1 0
0212511_SD/api/v1/log_grpc.pb.go:185.82,187.42 2 0
0212511_SD/api/v1/log_grpc.pb.go:187.42,189.3 1 0
0212511_SD/api/v1/log_grpc.pb.go:190.2,190.123 1 0
0212511_SD/api/v1/log_grpc.pb.go:196.82,198.2 1 0
0212511_SD/internal/log/index.go:23.53,29.16 3 1
0212511_SD/internal/log/index.go:29.16,31.3 1 0
0212511_SD/internal/log/index.go:33.2,36.16 2 1
0212511_SD/internal/log/index.go:36.16,38.3 1 0
0212511_SD/internal/log/index.go:40.2,44.16 1 1
0212511_SD/internal/log/index.go:44.16,46.3 1 0
0212511_SD/internal/log/index.go:48.2,48.17 1 1
0212511_SD/internal/log/index.go:51.31,52.52 1 1
0212511_SD/internal/log/index.go:52.52,54.3 1 0
0212511_SD/internal/log/index.go:56.2,56.38 1 1
0212511_SD/internal/log/index.go:56.38,58.3 1 0
0212511_SD/internal/log/index.go:60.2,60.55 1 1
0212511_SD/internal/log/index.go:60.55,62.3 1 0
0212511_SD/internal/log/index.go:64.2,64.23 1 1
0212511_SD/internal/log/index.go:67.68,68.17 1 1
0212511_SD/internal/log/index.go:68.17,70.3 1 1
0212511_SD/internal/log/index.go:72.2,72.14 1 1
0212511_SD/internal/log/index.go:72.14,74.3 1 1
0212511_SD/internal/log/index.go:74.8,76.3 1 1
0212511_SD/internal/log/index.go:78.2,79.27 2 1
0212511_SD/internal/log/index.go:79.27,81.3 1 1
0212511_SD/internal/log/index.go:83.2,85.22 3 1
0212511_SD/internal/log/index.go:88.53,89.43 1 1
0212511_SD/internal/log/index.go:89.43,91.3 1 1
0212511_SD/internal/log/index.go:93.2,96.12 4 1
0212511_SD/internal/log/index.go:99.31,101.2 1 1
0212511_SD/internal/log/log.go:25.49,26.34 1 1
0212511_SD/internal/log/log.go:26.34,28.3 1 0
0212511_SD/internal/log/log.go:29.2,29.34 1 1
0212511_SD/internal/log/log.go:29.34,31.3 1 1
0212511_SD/internal/log/log.go:32.2,37.21 2 1
0212511_SD/internal/log/log.go:40.29,42.16 2 1
0212511_SD/internal/log/log.go:42.16,44.3 1 0
0212511_SD/internal/log/log.go:45.2,46.29 2 1
0212511_SD/internal/log/log.go:46.29,53.3 3 1
0212511_SD/internal/log/log.go:54.2,54.46 1 1
0212511_SD/internal/log/log.go:54.46,56.3 1 1
0212511_SD/internal/log/log.go:57.2,57.40 1 1
0212511_SD/internal/log/log.go:57.40,58.53 1 1
0212511_SD/internal/log/log.go:58.53,60.4 1 0
0212511_SD/internal/log/log.go:61.3,61.6 1 1
0212511_SD/internal/log/log.go:63.2,63.23 1 1
0212511_SD/internal/log/log.go:63.23,64.69 1 1
0212511_SD/internal/log/log.go:64.69,66.4 1 0
0212511_SD/internal/log/log.go:68.2,68.12 1 1
0212511_SD/internal/log/log.go:71.58,75.16 4 1
0212511_SD/internal/log/log.go:75.16,77.3 1 0
0212511_SD/internal/log/log.go:78.2,78.31 1 1
0212511_SD/internal/log/log.go:78.31,80.3 1 1
0212511_SD/internal/log/log.go:81.2,81.17 1 1
0212511_SD/internal/log/log.go:84.53,88.37 4 1
0212511_SD/internal/log/log.go:88.37,89.60 1 1
0212511_SD/internal/log/log.go:89.60,91.9 2 1
0212511_SD/internal/log/log.go:94.2,94.37 1 1
0212511_SD/internal/log/log.go:94.37,96.3 1 1
0212511_SD/internal/log/log.go:97.2,97.20 1 1
0212511_SD/internal/log/log.go:100.44,102.16 2 1
0212511_SD/internal/log/log.go:102.16,104.3 1 0
0212511_SD/internal/log/log.go:105.2,107.12 3 1
0212511_SD/internal/log/log.go:110.29,113.37 3 1
0212511_SD/internal/log/log.go:113.37,114.41 1 1
0212511_SD/internal/log/log.go:114.41,116.4 1 0
0212511_SD/internal/log/log.go:118.2,118.12 1 1
0212511_SD/internal/log/log.go:121.30,122.34 1 0
0212511_SD/internal/log/log.go:122.34,124.3 1 0
0212511_SD/internal/log/log.go:125.2,125.28 1 0
0212511_SD/internal/log/log.go:128.29,129.35 1 0
0212511_SD/internal/log/log.go:129.35,131.3 1 0
0212511_SD/internal/log/log.go:132.2,132.18 1 0
0212511_SD/internal/log/log.go:135.46,139.2 3 1
0212511_SD/internal/log/log.go:141.47,145.14 4 1
0212511_SD/internal/log/log.go:145.14,147.3 1 0
0212511_SD/internal/log/log.go:148.2,148.21 1 1
0212511_SD/internal/log/log.go:151.45,155.31 4 1
0212511_SD/internal/log/log.go:155.31,156.31 1 1
0212511_SD/internal/log/log.go:156.31,157.37 1 1
0212511_SD/internal/log/log.go:157.37,159.5 1 0
0212511_SD/internal/log/log.go:160.4,160.12 1 1
0212511_SD/internal/log/log.go:162.3,162.33 1 1
0212511_SD/internal/log/log.go:164.2,165.12 2 1
0212511_SD/internal/log/log.go:168.34,172.37 4 1
0212511_SD/internal/log/log.go:172.37,174.3 1 1
0212511_SD/internal/log/log.go:175.2,175.35 1 1
0212511_SD/internal/log/log.go:183.52,187.2 3 1
0212511_SD/internal/log/segment.go:19.76,31.16 4 1
0212511_SD/internal/log/segment.go:31.16,33.3 1 0
0212511_SD/internal/log/segment.go:35.2,35.52 1 1
0212511_SD/internal/log/segment.go:35.52,37.3 1 0
0212511_SD/internal/log/segment.go:39.2,44.16 2 1
0212511_SD/internal/log/segment.go:44.16,46.3 1 0
0212511_SD/internal/log/segment.go:48.2,48.55 1 1
0212511_SD/internal/log/segment.go:48.55,50.3 1 0
0212511_SD/internal/log/segment.go:52.2,52.49 1 1
0212511_SD/internal/log/segment.go:52.49,54.3 1 1
0212511_SD/internal/log/segment.go:54.8,56.3 1 1
0212511_SD/internal/log/segment.go:58.2,58.15 1 1
0212511_SD/internal/log/segment.go:61.73,65.16 4 1
0212511_SD/internal/log/segment.go:65.16,67.3 1 0
0212511_SD/internal/log/segment.go:69.2,70.16 2 1
0212511_SD/internal/log/segment.go:70.16,72.3 1 0
0212511_SD/internal/log/segment.go:74.2,78.16 1 1
0212511_SD/internal/log/segment.go:78.16,80.3 1 1
0212511_SD/internal/log/segment.go:82.2,83.17 2 1
0212511_SD/internal/log/segment.go:86.57,88.16 2 1
0212511_SD/internal/log/segment.go:88.16,90.3 1 0
0212511_SD/internal/log/segment.go:92.2,93.16 2 1
0212511_SD/internal/log/segment.go:93.16,95.3 1 0
0212511_SD/internal/log/segment.go:97.2,99.20 3 1
0212511_SD/internal/log/segment.go:102.34,105.2 1 1
0212511_SD/internal/log/segment.go:107.33,108.40 1 1
0212511_SD/internal/log/segment.go:108.40,110.3 1 0
0212511_SD/internal/log/segment.go:112.2,112.40 1 1
0212511_SD/internal/log/segment.go:112.40,114.3 1 0
0212511_SD/internal/log/segment.go:116.2,116.12 1 1
0212511_SD/internal/log/segment.go:119.34,120.34 1 1
0212511_SD/internal/log/segment.go:120.34,122.3 1 0
0212511_SD/internal/log/segment.go:124.2,124.50 1 1
0212511_SD/internal/log/segment.go:124.50,126.3 1 0
0212511_SD/internal/log/segment.go:128.2,128.50 1 1
0212511_SD/internal/log/segment.go:128.50,130.3 1 0
0212511_SD/internal/log/segment.go:132.2,132.12 1 1
0212511_SD/internal/log/segment.go:135.42,136.12 1 0
0212511_SD/internal/log/segment.go:136.12,138.3 1 0
0212511_SD/internal/log/segment.go:140.2,140.30 1 0
0212511_SD/internal/log/store.go:25.43,27.16 2 1
0212511_SD/internal/log/store.go:27.16,29.3 1 0
0212511_SD/internal/log/store.go:31.2,36.8 2 1
0212511_SD/internal/log/store.go:39.68,44.65 4 1
0212511_SD/internal/log/store.go:44.65,46.3 1 0
0212511_SD/internal/log/store.go:48.2,49.16 2 1
0212511_SD/internal/log/store.go:49.16,51.3 1 0
0212511_SD/internal/log/store.go:53.2,55.28 3 1
0212511_SD/internal/log/store.go:58.50,62.38 3 1
0212511_SD/internal/log/store.go:62.38,64.3 1 0
0212511_SD/internal/log/store.go:66.2,67.59 2 1
0212511_SD/internal/log/store.go:67.59,69.3 1 0
0212511_SD/internal/log/store.go:71.2,72.65 2 1
0212511_SD/internal/log/store.go:72.65,74.3 1 0
0212511_SD/internal/log/store.go:76.2,76.15 1 1
0212511_SD/internal/log/store.go:79.58,83.38 3 1
0212511_SD/internal/log/store.go:83.38,85.3 1 0
0212511_SD/internal/log/store.go:87.2,87.30 1 1
0212511_SD/internal/log/store.go:90.31,95.16 4 1
0212511_SD/internal/log/store.go:95.16,97.3 1 0
0212511_SD/internal/log/store.go:99.2,99.23 1 1
